\BOOKMARK [1][-]{section.1}{\376\377\000I\000n\000t\000r\000o\000d\000u\000c\000t\000i\000o\000n}{}% 1
\BOOKMARK [1][-]{section.2}{\376\377\000D\000e\000t\000e\000r\000m\000i\000n\000i\000n\000g\000\040\000t\000h\000e\000\040\000T\000a\000k\000e\000o\000f\000f\000\040\000W\000e\000i\000g\000h\000t}{}% 2
\BOOKMARK [2][-]{subsection.2.1}{\376\377\000P\000a\000y\000l\000o\000a\000d}{section.2}% 3
\BOOKMARK [2][-]{subsection.2.2}{\376\377\000B\000a\000t\000t\000e\000r\000i\000e\000s}{section.2}% 4
\BOOKMARK [2][-]{subsection.2.3}{\376\377\000O\000p\000e\000r\000a\000t\000i\000o\000n\000a\000l\000\040\000E\000m\000p\000t\000y\000\040\000W\000e\000i\000g\000h\000t}{section.2}% 5
\BOOKMARK [1][-]{section.3}{\376\377\000D\000e\000t\000e\000r\000m\000i\000n\000i\000n\000g\000\040\000t\000h\000e\000\040\000W\000/\000P\000-\000W\000/\000S\000\040\000D\000i\000a\000g\000r\000a\000m}{}% 6
\BOOKMARK [2][-]{subsection.3.1}{\376\377\000S\000t\000a\000l\000l\000\040\000S\000i\000z\000i\000n\000g}{section.3}% 7
\BOOKMARK [2][-]{subsection.3.2}{\376\377\000L\000a\000n\000d\000i\000n\000g\000\040\000S\000i\000z\000i\000n\000g}{section.3}% 8
\BOOKMARK [2][-]{subsection.3.3}{\376\377\000T\000a\000k\000e\000-\000O\000f\000f\000\040\000S\000i\000z\000i\000n\000g}{section.3}% 9
\BOOKMARK [2][-]{subsection.3.4}{\376\377\000C\000l\000i\000m\000b\000\040\000G\000r\000a\000d\000i\000e\000n\000t\000\040\000R\000e\000q\000u\000i\000r\000e\000m\000e\000n\000t\000s}{section.3}% 10
\BOOKMARK [2][-]{subsection.3.5}{\376\377\000C\000l\000i\000m\000b\000\040\000P\000e\000r\000f\000o\000r\000m\000a\000n\000c\000e\000\040\000R\000e\000q\000u\000i\000r\000e\000m\000e\000n\000t}{section.3}% 11
\BOOKMARK [2][-]{subsection.3.6}{\376\377\000W\000/\000P\000\040\040\023\000\040\000W\000/\000S\000\040\000d\000i\000a\000g\000r\000a\000m}{section.3}% 12
\BOOKMARK [2][-]{subsection.3.7}{\376\377\000D\000r\000a\000g\000\040\000P\000o\000l\000a\000r}{section.3}% 13
\BOOKMARK [1][-]{section.4}{\376\377\000P\000r\000o\000p\000u\000l\000s\000i\000o\000n\000\040\000D\000e\000s\000i\000g\000n}{}% 14
\BOOKMARK [2][-]{subsection.4.1}{\376\377\000E\000n\000g\000i\000n\000e\000\040\000S\000e\000l\000e\000c\000t\000i\000o\000n\000\040\000C\000r\000i\000t\000e\000r\000i\000a}{section.4}% 15
\BOOKMARK [2][-]{subsection.4.2}{\376\377\000E\000n\000g\000i\000n\000e\000\040\000S\000e\000l\000e\000c\000t\000i\000o\000n\000\040\000f\000r\000o\000m\000\040\000M\000a\000r\000k\000e\000t}{section.4}% 16
\BOOKMARK [2][-]{subsection.4.3}{\376\377\000E\000n\000g\000i\000n\000e\000\040\000S\000c\000a\000l\000i\000n\000g}{section.4}% 17
\BOOKMARK [1][-]{section.5}{\376\377\000R\000a\000n\000g\000e\000\040\000a\000n\000d\000\040\000E\000n\000d\000u\000r\000a\000n\000c\000e}{}% 18
\BOOKMARK [2][-]{subsection.5.1}{\376\377\000R\000a\000n\000g\000e\000\040\000C\000a\000l\000c\000u\000l\000a\000t\000i\000o\000n}{section.5}% 19
\BOOKMARK [2][-]{subsection.5.2}{\376\377\000E\000n\000d\000u\000r\000a\000n\000c\000e\000\040\000C\000a\000l\000c\000u\000l\000a\000t\000i\000o\000n}{section.5}% 20
\BOOKMARK [2][-]{subsection.5.3}{\376\377\000P\000o\000w\000e\000r\000\040\000R\000e\000q\000u\000i\000r\000e\000d\000\040\000f\000o\000r\000\040\000C\000r\000u\000i\000s\000e}{section.5}% 21
\BOOKMARK [2][-]{subsection.5.4}{\376\377\000M\000i\000n\000i\000m\000u\000m\000\040\000S\000p\000e\000e\000d\000\040\000C\000a\000l\000c\000u\000l\000a\000t\000i\000o\000n}{section.5}% 22
\BOOKMARK [2][-]{subsection.5.5}{\376\377\000P\000r\000o\000p\000o\000s\000e\000d\000\040\000I\000m\000p\000r\000o\000v\000e\000m\000e\000n\000t\000s}{section.5}% 23
\BOOKMARK [3][-]{subsubsection.5.5.1}{\376\377\0001\000.\000\040\000H\000i\000g\000h\000e\000r\000\040\000E\000f\000f\000i\000c\000i\000e\000n\000c\000y\000\040\000P\000o\000w\000e\000r\000\040\000E\000l\000e\000c\000t\000r\000o\000n\000i\000c\000s\000\040\000\050\000E\000S\000C\000\051}{subsection.5.5}% 24
\BOOKMARK [3][-]{subsubsection.5.5.2}{\376\377\0002\000.\000\040\000O\000p\000t\000i\000m\000i\000z\000a\000t\000i\000o\000n\000\040\000o\000f\000\040\000M\000o\000t\000o\000r\000\040\000D\000e\000s\000i\000g\000n\000\040\000\050\000C\000o\000r\000e\000\040\000M\000a\000t\000e\000r\000i\000a\000l\000s\000\040\000a\000n\000d\000\040\000W\000i\000n\000d\000i\000n\000g\000s\000\051}{subsection.5.5}% 25
\BOOKMARK [3][-]{subsubsection.5.5.3}{\376\377\0003\000.\000\040\000I\000m\000p\000r\000o\000v\000e\000d\000\040\000C\000o\000o\000l\000i\000n\000g\000\040\000a\000n\000d\000\040\000T\000h\000e\000r\000m\000a\000l\000\040\000M\000a\000n\000a\000g\000e\000m\000e\000n\000t}{subsection.5.5}% 26
