\BOOKMARK [0][-]{chapter.1}{\376\377\000I\000n\000t\000r\000o\000d\000u\000c\000t\000i\000o\000n}{}% 1
\BOOKMARK [0][-]{chapter.2}{\376\377\000P\000l\000a\000i\000n\000\040\000T\000a\000i\000l\000\040\000G\000e\000o\000m\000e\000t\000r\000y}{}% 2
\BOOKMARK [1][-]{section.2.1}{\376\377\000C\000o\000e\000f\000f\000i\000c\000i\000e\000n\000t\000s\000\040\000o\000f\000\040\000V\000o\000l\000u\000m\000e}{chapter.2}% 3
\BOOKMARK [1][-]{section.2.2}{\376\377\000T\000h\000e\000\040\000V\000e\000r\000t\000i\000c\000a\000l\000\040\000T\000a\000i\000l}{chapter.2}% 4
\BOOKMARK [1][-]{section.2.3}{\376\377\000T\000h\000e\000\040\000H\000o\000r\000i\000z\000o\000n\000t\000a\000l\000\040\000T\000a\000i\000l}{chapter.2}% 5
\BOOKMARK [0][-]{chapter.3}{\376\377\000L\000o\000a\000d\000\040\000F\000a\000c\000t\000o\000r}{}% 6
\BOOKMARK [1][-]{section.3.1}{\376\377\000M\000a\000n\000e\000u\000v\000e\000r\000\040\000L\000o\000a\000d\000i\000n\000g}{chapter.3}% 7
\BOOKMARK [1][-]{section.3.2}{\376\377\000C\000h\000a\000p\000t\000e\000r\000\040\0004\000:\000\040\000S\000e\000c\000o\000n\000d\000\040\000C\000l\000a\000s\000s\000\040\000W\000e\000i\000g\000h\000t\000\040\000E\000s\000t\000i\000m\000a\000t\000i\000o\000n}{chapter.3}% 8
\BOOKMARK [2][-]{subsection.3.2.1}{\376\377\000T\000o\000r\000e\000n\000b\000e\000e\000k\000\040\000M\000e\000t\000h\000o\000d}{section.3.2}% 9
\BOOKMARK [2][-]{subsection.3.2.2}{\376\377\000A\000i\000r\000f\000r\000a\000m\000e\000\040\000S\000t\000r\000u\000c\000t\000u\000r\000e}{section.3.2}% 10
\BOOKMARK [2][-]{subsection.3.2.3}{\376\377\000W\000i\000n\000g\000\040\000W\000e\000i\000g\000h\000t}{section.3.2}% 11
\BOOKMARK [2][-]{subsection.3.2.4}{\376\377\000T\000a\000i\000l\000\040\000W\000e\000i\000g\000h\000t\000\040\000G\000r\000o\000u\000p\000i\000n\000g}{section.3.2}% 12
\BOOKMARK [2][-]{subsection.3.2.5}{\376\377\000F\000u\000s\000e\000l\000a\000g\000e\000\040\000B\000o\000d\000y\000\040\000W\000e\000i\000g\000h\000t}{section.3.2}% 13
\BOOKMARK [2][-]{subsection.3.2.6}{\376\377\000L\000a\000n\000d\000i\000n\000g\000\040\000G\000e\000a\000r\000\040\000W\000e\000i\000g\000h\000t}{section.3.2}% 14
\BOOKMARK [2][-]{subsection.3.2.7}{\376\377\000P\000r\000o\000p\000u\000l\000s\000i\000o\000n\000\040\000W\000e\000i\000g\000h\000t\000\040\000G\000r\000o\000u\000p}{section.3.2}% 15
\BOOKMARK [2][-]{subsection.3.2.8}{\376\377\000S\000u\000m\000m\000a\000r\000y\000\040\000o\000f\000\040\000W\000e\000i\000g\000h\000t\000\040\000G\000r\000o\000u\000p\000s}{section.3.2}% 16
\BOOKMARK [0][-]{chapter.4}{\376\377\000C\000e\000n\000t\000e\000r\000\040\000o\000f\000\040\000G\000r\000a\000v\000i\000t\000y\000\040\000E\000s\000t\000i\000m\000a\000t\000i\000o\000n}{}% 17
\BOOKMARK [0][-]{chapter.5}{\376\377\000T\000h\000e\000\040\000S\000c\000i\000s\000s\000o\000r\000\040\000P\000l\000o\000t}{}% 18
\BOOKMARK [1][-]{section.5.1}{\376\377\000S\000t\000a\000b\000i\000l\000i\000t\000y\000\040\000C\000u\000r\000v\000e}{chapter.5}% 19
\BOOKMARK [1][-]{section.5.2}{\376\377\000C\000o\000n\000t\000r\000o\000l\000l\000a\000b\000i\000l\000i\000t\000y\000\040\000C\000u\000r\000v\000e}{chapter.5}% 20
\BOOKMARK [0][-]{chapter.6}{\376\377\000E\000v\000a\000l\000u\000a\000t\000i\000o\000n\000\040\000a\000n\000d\000\040\000C\000o\000n\000c\000l\000u\000s\000i\000o\000n}{}% 21
\BOOKMARK [0][-]{chapter.7}{\376\377\000S\000t\000a\000b\000i\000l\000i\000t\000y\000\040\000a\000n\000d\000\040\000C\000o\000n\000t\000r\000o\000l\000\040\000A\000n\000a\000l\000y\000s\000i\000s}{}% 22
\BOOKMARK [1][-]{section.7.1}{\376\377\000T\000h\000e\000\040\000S\000t\000a\000b\000i\000l\000i\000t\000y\000\040\000C\000u\000r\000v\000e}{chapter.7}% 23
\BOOKMARK [1][-]{section.7.2}{\376\377\000S\000t\000i\000c\000k\000-\000F\000i\000x\000e\000d\000\040\000N\000e\000u\000t\000r\000a\000l\000\040\000C\000u\000r\000v\000e}{chapter.7}% 24
\BOOKMARK [2][-]{subsection.7.2.1}{\376\377\000T\000h\000e\000\040\000A\000i\000r\000c\000r\000a\000f\000t\000\040\000L\000i\000f\000t\000\040\000C\000o\000e\000f\000f\000i\000c\000i\000e\000n\000t\000\040\000w\000i\000t\000h\000o\000u\000t\000\040\000t\000h\000e\000\040\000T\000a\000i\000l}{section.7.2}% 25
\BOOKMARK [2][-]{subsection.7.2.2}{\376\377\000T\000h\000e\000\040\000W\000i\000n\000g\000\040\000D\000o\000w\000n\000w\000a\000s\000h\000\040\000G\000r\000a\000d\000i\000e\000n\000t\000\040\000E\000f\000f\000e\000c\000t}{section.7.2}% 26
\BOOKMARK [2][-]{subsection.7.2.3}{\376\377\000T\000h\000e\000\040\000L\000i\000f\000t\000-\000R\000a\000t\000e\000\040\000C\000o\000e\000f\000f\000i\000c\000i\000e\000n\000t\000\040\000o\000f\000\040\000t\000h\000e\000\040\000H\000o\000r\000i\000z\000o\000n\000t\000a\000l\000\040\000T\000a\000i\000l}{section.7.2}% 27
\BOOKMARK [2][-]{subsection.7.2.4}{\376\377\000T\000h\000e\000\040\000A\000e\000r\000o\000d\000y\000n\000a\000m\000i\000c\000\040\000C\000e\000n\000t\000r\000e\000\040\000o\000f\000\040\000t\000h\000e\000\040\000A\000i\000r\000c\000r\000a\000f\000t\000\040\000W\000i\000t\000h\000o\000u\000t\000\040\000t\000h\000e\000\040\000T\000a\000i\000l}{section.7.2}% 28
\BOOKMARK [1][-]{section.7.3}{\376\377\000F\000o\000r\000w\000a\000r\000d\000\040\000C\000o\000n\000t\000r\000o\000l\000\040\000L\000i\000m\000i\000t}{chapter.7}% 29
\BOOKMARK [2][-]{subsection.7.3.1}{\376\377\000T\000h\000e\000\040\000Z\000e\000r\000o\000\040\000L\000i\000f\000t\000\040\000P\000i\000t\000c\000h\000i\000n\000g\000\040\000M\000o\000m\000e\000n\000t\000\040\000C\000o\000e\000f\000f\000i\000c\000i\000e\000n\000t}{section.7.3}% 30
\BOOKMARK [2][-]{subsection.7.3.2}{\376\377\000C\000o\000n\000t\000r\000o\000l\000l\000a\000b\000i\000l\000i\000t\000y\000\040\000C\000u\000r\000v\000e}{section.7.3}% 31
\BOOKMARK [1][-]{section.7.4}{\376\377\000T\000h\000e\000\040\000S\000c\000i\000s\000s\000o\000r\000\040\000P\000l\000o\000t}{chapter.7}% 32
\BOOKMARK [0][-]{chapter.8}{\376\377\000E\000v\000a\000l\000u\000a\000t\000i\000o\000n\000\040\000a\000n\000d\000\040\000C\000o\000n\000c\000l\000u\000s\000i\000o\000n}{}% 33
