\BOOKMARK [1][-]{section.1}{\376\377\000M\000i\000s\000s\000i\000o\000n\000\040\000D\000e\000f\000i\000n\000i\000t\000i\000o\000n\000\040\000a\000n\000d\000\040\000A\000n\000a\000l\000y\000s\000i\000s\000\040\000o\000f\000\040\000R\000e\000q\000u\000i\000r\000e\000m\000e\000n\000t\000s}{}% 1
\BOOKMARK [2][-]{subsection.1.1}{\376\377\000T\000h\000e\000\040\000M\000i\000s\000s\000i\000o\000n}{section.1}% 2
\BOOKMARK [2][-]{subsection.1.2}{\376\377\000R\000e\000q\000u\000i\000r\000e\000m\000e\000n\000t\000\040\000A\000n\000a\000l\000y\000s\000i\000s}{section.1}% 3
\BOOKMARK [3][-]{subsubsection.1.2.1}{\376\377\000P\000a\000y\000l\000o\000a\000d\000\040\000A\000n\000a\000l\000y\000s\000i\000s}{subsection.1.2}% 4
\BOOKMARK [3][-]{subsubsection.1.2.2}{\376\377\000P\000r\000o\000p\000u\000l\000s\000i\000o\000n\000\040\000A\000n\000a\000l\000y\000s\000i\000s}{subsection.1.2}% 5
\BOOKMARK [3][-]{subsubsection.1.2.3}{\376\377\000C\000e\000r\000t\000i\000f\000i\000c\000a\000t\000i\000o\000n\000\040\000A\000n\000a\000l\000y\000s\000i\000s}{subsection.1.2}% 6
\BOOKMARK [3][-]{subsubsection.1.2.4}{\376\377\000R\000a\000n\000g\000e\000,\000\040\000T\000a\000k\000e\000o\000f\000f\000,\000\040\000a\000n\000d\000\040\000L\000a\000n\000d\000i\000n\000g\000\040\000D\000i\000s\000t\000a\000n\000c\000e}{subsection.1.2}% 7
\BOOKMARK [3][-]{subsubsection.1.2.5}{\376\377\000A\000d\000d\000i\000t\000i\000o\000n\000a\000l\000\040\000R\000e\000q\000u\000i\000r\000e\000m\000e\000n\000t\000s}{subsection.1.2}% 8
\BOOKMARK [2][-]{subsection.1.3}{\376\377\000D\000r\000i\000v\000i\000n\000g\000\040\000R\000e\000q\000u\000i\000r\000e\000m\000e\000n\000t\000s}{section.1}% 9
\BOOKMARK [1][-]{section.2}{\376\377\000R\000e\000f\000e\000r\000e\000n\000c\000e\000\040\000A\000i\000r\000c\000r\000a\000f\000t\000\040\000D\000a\000t\000a\000\040\000C\000o\000l\000l\000e\000c\000t\000i\000o\000n}{}% 10
\BOOKMARK [1][-]{section.3}{\376\377\000C\000o\000n\000c\000e\000p\000t\000\040\000G\000e\000n\000e\000r\000a\000t\000i\000o\000n\000\040\000a\000n\000d\000\040\000S\000e\000l\000e\000c\000t\000i\000o\000n}{}% 11
\BOOKMARK [2][-]{subsection.3.1}{\376\377\000C\000o\000n\000c\000e\000p\000t\000\040\000G\000e\000n\000e\000r\000a\000t\000i\000o\000n}{section.3}% 12
\BOOKMARK [3][-]{subsubsection.3.1.1}{\376\377\000M\000o\000n\000o\000-\000p\000u\000s\000h\000e\000r\000\040\000w\000i\000t\000h\000\040\000I\000n\000v\000e\000r\000t\000e\000d\000\040\000V\000-\000t\000a\000i\000l}{subsection.3.1}% 13
\BOOKMARK [3][-]{subsubsection.3.1.2}{\376\377\000T\000w\000i\000n\000\040\000P\000u\000s\000h\000e\000r\000\040\000w\000i\000t\000h\000\040\000V\000-\000t\000a\000i\000l}{subsection.3.1}% 14
\BOOKMARK [3][-]{subsubsection.3.1.3}{\376\377\000D\000u\000a\000l\000\040\000P\000u\000l\000l\000e\000r\000\040\000w\000i\000t\000h\000\040\000C\000r\000o\000s\000s\000-\000t\000a\000i\000l}{subsection.3.1}% 15
\BOOKMARK [2][-]{subsection.3.2}{\376\377\000C\000o\000n\000c\000e\000p\000t\000\040\000S\000e\000l\000e\000c\000t\000i\000o\000n}{section.3}% 16
\BOOKMARK [1][-]{section.4}{\376\377\000P\000r\000e\000l\000i\000m\000i\000n\000a\000r\000y\000\040\000F\000u\000s\000e\000l\000a\000g\000e\000\040\000D\000e\000s\000i\000g\000n}{}% 17
\BOOKMARK [2][-]{subsection.4.1}{\376\377\000F\000r\000o\000n\000t\000\040\000C\000r\000o\000s\000s\000-\000S\000e\000c\000t\000i\000o\000n\000\040\000L\000a\000y\000o\000u\000t}{section.4}% 18
\BOOKMARK [2][-]{subsection.4.2}{\376\377\000S\000i\000d\000e\000\040\000C\000r\000o\000s\000s\000-\000S\000e\000c\000t\000i\000o\000n\000\040\000L\000a\000y\000o\000u\000t}{section.4}% 19
\BOOKMARK [2][-]{subsection.4.3}{\376\377\000D\000e\000s\000i\000g\000n\000\040\000F\000l\000e\000x\000i\000b\000i\000l\000i\000t\000y}{section.4}% 20
\BOOKMARK [2][-]{subsection.4.4}{\376\377\000L\000a\000n\000d\000i\000n\000g\000\040\000G\000e\000a\000r}{section.4}% 21
\BOOKMARK [2][-]{subsection.4.5}{\376\377\000A\000v\000i\000o\000n\000i\000c\000s\000\040\000B\000a\000y}{section.4}% 22
\BOOKMARK [1][-]{section.5}{\376\377\000A\000p\000p\000e\000n\000d\000i\000x\000\040\000A\000:\000\040\000A\000i\000r\000c\000r\000a\000f\000t\000\040\000R\000e\000f\000e\000r\000e\000n\000c\000e\000\040\000T\000a\000b\000l\000e}{}% 23
\BOOKMARK [1][-]{section.6}{\376\377\000A\000p\000p\000e\000n\000d\000i\000x\000\040\000B\000:\000\040\000L\000A\000H\000E\000\040\000U\000A\000V\000\040\000T\000e\000c\000h\000n\000i\000c\000a\000l\000\040\000D\000r\000a\000w\000i\000n\000g\000s}{}% 24
